Building DAG of jobs...
MissingInputException in line 17 of /data/talkowski/xuefang/data/snakemake_SV_Calling/run_bincov/Snakefile:
Missing input files for rule all:
rawcov/NA19238.bam.chr18.rawcov.bed
rawcov/HG00731.bam.chr17.rawcov.bed
rawcov/HG00514.bam.chr22.rawcov.bed
normcov/NA19239.bam.chr14.normcov.bed
normcov/HG00512.bam.chr21.normcov.bed
rawcov/HG00733.bam.chr22.rawcov.bed
rawcov/HG00731.bam.chr13.rawcov.bed
rawcov/HG00733.bam.chr10.rawcov.bed
normcov/NA19238.bam.chr8.normcov.bed
normcov/NA19240.bam.chr6.normcov.bed
rawcov/NA19240.bam.chr20.rawcov.bed
rawcov/HG00733.bam.chr8.rawcov.bed
rawcov/NA19240.bam.chr9.rawcov.bed
normcov/HG00733.bam.chr2.normcov.bed
normcov/HG00731.bam.chrX.normcov.bed
rawcov/HG00512.bam.chr15.rawcov.bed
normcov/HG00732.bam.chrY.normcov.bed
rawcov/HG00512.bam.chr14.rawcov.bed
normcov/NA19240.bam.chr10.normcov.bed
normcov/NA19240.bam.chr20.normcov.bed
rawcov/HG00513.bam.chr11.rawcov.bed
rawcov/HG00733.bam.chr9.rawcov.bed
rawcov/HG00731.bam.chr5.rawcov.bed
rawcov/HG00514.bam.chr8.rawcov.bed
rawcov/HG00512.bam.chr8.rawcov.bed
normcov/HG00731.bam.chr5.normcov.bed
normcov/HG00513.bam.chrY.normcov.bed
normcov/HG00731.bam.chr20.normcov.bed
rawcov/HG00732.bam.chr22.rawcov.bed
rawcov/HG00733.bam.chr15.rawcov.bed
normcov/HG00731.bam.chr9.normcov.bed
rawcov/HG00513.bam.chr2.rawcov.bed
normcov/HG00514.bam.chr15.normcov.bed
rawcov/HG00731.bam.chr19.rawcov.bed
rawcov/HG00733.bam.chr2.rawcov.bed
normcov/HG00514.bam.chr16.normcov.bed
normcov/HG00514.bam.chr14.normcov.bed
rawcov/HG00512.bam.chr4.rawcov.bed
normcov/HG00512.bam.chr8.normcov.bed
normcov/HG00513.bam.chr14.normcov.bed
rawcov/HG00731.bam.chrY.rawcov.bed
rawcov/NA19240.bam.chr3.rawcov.bed
rawcov/NA19240.bam.chr18.rawcov.bed
rawcov/HG00513.bam.chr18.rawcov.bed
rawcov/HG00512.bam.chr21.rawcov.bed
normcov/HG00732.bam.chr15.normcov.bed
rawcov/HG00732.bam.chr14.rawcov.bed
rawcov/NA19240.bam.chr2.rawcov.bed
rawcov/HG00733.bam.chr7.rawcov.bed
normcov/HG00733.bam.chr4.normcov.bed
normcov/NA19239.bam.chrY.normcov.bed
rawcov/NA19238.bam.chr3.rawcov.bed
rawcov/HG00732.bam.chr13.rawcov.bed
normcov/NA19239.bam.chr1.normcov.bed
rawcov/NA19238.bam.chr6.rawcov.bed
normcov/NA19238.bam.chr13.normcov.bed
rawcov/NA19240.bam.chr14.rawcov.bed
normcov/HG00732.bam.chr13.normcov.bed
normcov/HG00733.bam.chr1.normcov.bed
normcov/NA19240.bam.chr15.normcov.bed
rawcov/HG00732.bam.chr18.rawcov.bed
normcov/HG00731.bam.chr1.normcov.bed
rawcov/HG00733.bam.chr6.rawcov.bed
normcov/NA19238.bam.chr10.normcov.bed
rawcov/HG00512.bam.chr19.rawcov.bed
rawcov/HG00512.bam.chr16.rawcov.bed
normcov/HG00731.bam.chr10.normcov.bed
rawcov/HG00731.bam.chr20.rawcov.bed
normcov/HG00733.bam.chr8.normcov.bed
rawcov/HG00513.bam.chr21.rawcov.bed
rawcov/HG00514.bam.chr20.rawcov.bed
normcov/NA19238.bam.chr15.normcov.bed
normcov/NA19239.bam.chr20.normcov.bed
normcov/HG00731.bam.chr19.normcov.bed
normcov/HG00733.bam.chrY.normcov.bed
rawcov/HG00513.bam.chr9.rawcov.bed
normcov/HG00731.bam.chr22.normcov.bed
normcov/HG00732.bam.chr12.normcov.bed
normcov/HG00733.bam.chrX.normcov.bed
rawcov/HG00514.bam.chr9.rawcov.bed
rawcov/HG00514.bam.chrY.rawcov.bed
normcov/HG00514.bam.chrY.normcov.bed
rawcov/NA19240.bam.chr5.rawcov.bed
normcov/NA19239.bam.chr5.normcov.bed
normcov/HG00514.bam.chr20.normcov.bed
normcov/NA19240.bam.chr21.normcov.bed
rawcov/NA19240.bam.chr7.rawcov.bed
normcov/HG00513.bam.chr1.normcov.bed
rawcov/NA19238.bam.chr21.rawcov.bed
normcov/HG00732.bam.chr11.normcov.bed
rawcov/NA19239.bam.chr15.rawcov.bed
rawcov/HG00512.bam.chrY.rawcov.bed
rawcov/HG00731.bam.chr16.rawcov.bed
rawcov/NA19238.bam.chr14.rawcov.bed
rawcov/NA19240.bam.chrY.rawcov.bed
rawcov/HG00513.bam.chr17.rawcov.bed
rawcov/HG00514.bam.chr7.rawcov.bed
normcov/NA19240.bam.chr18.normcov.bed
rawcov/HG00513.bam.chr10.rawcov.bed
rawcov/HG00732.bam.chr17.rawcov.bed
normcov/HG00513.bam.chr16.normcov.bed
normcov/HG00731.bam.chr15.normcov.bed
normcov/HG00512.bam.chrY.normcov.bed
rawcov/NA19239.bam.chr22.rawcov.bed
normcov/NA19238.bam.chr5.normcov.bed
normcov/NA19240.bam.chr3.normcov.bed
rawcov/HG00513.bam.chr4.rawcov.bed
normcov/NA19240.bam.chrX.normcov.bed
rawcov/HG00512.bam.chr12.rawcov.bed
rawcov/NA19239.bam.chr12.rawcov.bed
normcov/HG00732.bam.chr4.normcov.bed
normcov/HG00732.bam.chr14.normcov.bed
rawcov/NA19239.bam.chr20.rawcov.bed
normcov/HG00732.bam.chr16.normcov.bed
normcov/HG00732.bam.chrX.normcov.bed
rawcov/NA19240.bam.chr16.rawcov.bed
rawcov/NA19240.bam.chr22.rawcov.bed
normcov/HG00512.bam.chr9.normcov.bed
normcov/HG00732.bam.chr9.normcov.bed
normcov/HG00731.bam.chr14.normcov.bed
rawcov/HG00514.bam.chr17.rawcov.bed
rawcov/HG00513.bam.chrX.rawcov.bed
rawcov/NA19240.bam.chrX.rawcov.bed
normcov/NA19239.bam.chr17.normcov.bed
rawcov/HG00514.bam.chr1.rawcov.bed
rawcov/NA19238.bam.chr5.rawcov.bed
rawcov/HG00731.bam.chr9.rawcov.bed
normcov/HG00733.bam.chr16.normcov.bed
normcov/HG00513.bam.chr18.normcov.bed
normcov/HG00733.bam.chr21.normcov.bed
normcov/NA19239.bam.chr19.normcov.bed
normcov/HG00732.bam.chr5.normcov.bed
normcov/HG00512.bam.chr5.normcov.bed
normcov/HG00513.bam.chr15.normcov.bed
rawcov/HG00513.bam.chr19.rawcov.bed
rawcov/NA19238.bam.chr17.rawcov.bed
rawcov/HG00513.bam.chr8.rawcov.bed
rawcov/NA19238.bam.chr16.rawcov.bed
normcov/HG00512.bam.chr3.normcov.bed
rawcov/HG00732.bam.chr6.rawcov.bed
rawcov/HG00733.bam.chrY.rawcov.bed
rawcov/NA19239.bam.chr9.rawcov.bed
normcov/NA19238.bam.chr7.normcov.bed
normcov/NA19239.bam.chr18.normcov.bed
rawcov/HG00514.bam.chr6.rawcov.bed
rawcov/HG00733.bam.chr1.rawcov.bed
rawcov/NA19239.bam.chr19.rawcov.bed
normcov/HG00512.bam.chr15.normcov.bed
normcov/HG00514.bam.chr4.normcov.bed
normcov/HG00733.bam.chr18.normcov.bed
normcov/NA19240.bam.chr7.normcov.bed
rawcov/NA19239.bam.chr2.rawcov.bed
rawcov/NA19240.bam.chr1.rawcov.bed
rawcov/HG00732.bam.chr9.rawcov.bed
rawcov/NA19239.bam.chr14.rawcov.bed
rawcov/HG00732.bam.chr8.rawcov.bed
rawcov/HG00512.bam.chr6.rawcov.bed
normcov/HG00513.bam.chr13.normcov.bed
rawcov/HG00733.bam.chr20.rawcov.bed
normcov/HG00512.bam.chr11.normcov.bed
normcov/HG00514.bam.chr17.normcov.bed
normcov/NA19238.bam.chr20.normcov.bed
rawcov/HG00514.bam.chr3.rawcov.bed
normcov/HG00512.bam.chr13.normcov.bed
normcov/NA19240.bam.chr14.normcov.bed
normcov/HG00733.bam.chr7.normcov.bed
rawcov/NA19240.bam.chr6.rawcov.bed
normcov/NA19239.bam.chrX.normcov.bed
normcov/NA19239.bam.chr8.normcov.bed
rawcov/HG00513.bam.chr16.rawcov.bed
rawcov/NA19239.bam.chr7.rawcov.bed
rawcov/HG00732.bam.chr15.rawcov.bed
normcov/HG00733.bam.chr15.normcov.bed
normcov/HG00732.bam.chr10.normcov.bed
rawcov/HG00512.bam.chr17.rawcov.bed
rawcov/NA19239.bam.chrY.rawcov.bed
rawcov/NA19240.bam.chr8.rawcov.bed
normcov/HG00733.bam.chr11.normcov.bed
normcov/NA19238.bam.chrY.normcov.bed
normcov/NA19238.bam.chr12.normcov.bed
rawcov/HG00512.bam.chrX.rawcov.bed
rawcov/HG00731.bam.chr10.rawcov.bed
normcov/NA19239.bam.chr16.normcov.bed
rawcov/NA19239.bam.chr4.rawcov.bed
rawcov/NA19240.bam.chr4.rawcov.bed
rawcov/HG00512.bam.chr18.rawcov.bed
normcov/HG00514.bam.chr18.normcov.bed
rawcov/HG00512.bam.chr20.rawcov.bed
rawcov/HG00512.bam.chr5.rawcov.bed
normcov/NA19239.bam.chr6.normcov.bed
rawcov/NA19239.bam.chr5.rawcov.bed
normcov/HG00512.bam.chr12.normcov.bed
normcov/HG00733.bam.chr13.normcov.bed
rawcov/HG00732.bam.chr20.rawcov.bed
normcov/NA19239.bam.chr3.normcov.bed
rawcov/HG00731.bam.chr15.rawcov.bed
rawcov/NA19238.bam.chr9.rawcov.bed
rawcov/HG00514.bam.chr4.rawcov.bed
normcov/HG00513.bam.chr6.normcov.bed
rawcov/HG00733.bam.chr5.rawcov.bed
normcov/HG00731.bam.chr12.normcov.bed
rawcov/NA19239.bam.chr8.rawcov.bed
normcov/NA19238.bam.chr3.normcov.bed
normcov/HG00732.bam.chr21.normcov.bed
rawcov/HG00513.bam.chr14.rawcov.bed
rawcov/HG00513.bam.chr20.rawcov.bed
normcov/NA19240.bam.chr11.normcov.bed
normcov/HG00514.bam.chr1.normcov.bed
normcov/NA19239.bam.chr13.normcov.bed
rawcov/HG00731.bam.chr18.rawcov.bed
rawcov/NA19238.bam.chr12.rawcov.bed
normcov/NA19239.bam.chr9.normcov.bed
rawcov/HG00732.bam.chr19.rawcov.bed
rawcov/HG00512.bam.chr7.rawcov.bed
normcov/HG00513.bam.chrX.normcov.bed
normcov/HG00512.bam.chr14.normcov.bed
normcov/HG00733.bam.chr10.normcov.bed
rawcov/NA19238.bam.chrX.rawcov.bed
normcov/NA19240.bam.chr13.normcov.bed
normcov/NA19239.bam.chr10.normcov.bed
normcov/NA19238.bam.chr14.normcov.bed
rawcov/HG00732.bam.chr16.rawcov.bed
rawcov/HG00512.bam.chr13.rawcov.bed
rawcov/HG00514.bam.chr16.rawcov.bed
normcov/HG00731.bam.chr13.normcov.bed
rawcov/NA19238.bam.chr19.rawcov.bed
rawcov/HG00513.bam.chr13.rawcov.bed
rawcov/HG00731.bam.chr2.rawcov.bed
normcov/HG00732.bam.chr20.normcov.bed
normcov/NA19238.bam.chr1.normcov.bed
rawcov/HG00513.bam.chr1.rawcov.bed
normcov/HG00513.bam.chr17.normcov.bed
normcov/HG00733.bam.chr17.normcov.bed
rawcov/HG00732.bam.chr4.rawcov.bed
normcov/HG00732.bam.chr22.normcov.bed
rawcov/HG00733.bam.chrX.rawcov.bed
rawcov/HG00733.bam.chr3.rawcov.bed
rawcov/NA19240.bam.chr12.rawcov.bed
normcov/NA19240.bam.chr19.normcov.bed
rawcov/HG00513.bam.chr7.rawcov.bed
rawcov/HG00733.bam.chr21.rawcov.bed
normcov/HG00513.bam.chr10.normcov.bed
rawcov/HG00732.bam.chr1.rawcov.bed
normcov/NA19238.bam.chr11.normcov.bed
normcov/NA19239.bam.chr12.normcov.bed
normcov/NA19240.bam.chr1.normcov.bed
normcov/HG00513.bam.chr11.normcov.bed
normcov/HG00512.bam.chr4.normcov.bed
normcov/NA19238.bam.chr19.normcov.bed
rawcov/NA19239.bam.chr11.rawcov.bed
normcov/HG00733.bam.chr20.normcov.bed
rawcov/HG00514.bam.chr2.rawcov.bed
normcov/NA19240.bam.chr12.normcov.bed
rawcov/HG00512.bam.chr1.rawcov.bed
rawcov/NA19239.bam.chr21.rawcov.bed
normcov/HG00513.bam.chr22.normcov.bed
normcov/NA19238.bam.chr17.normcov.bed
normcov/HG00512.bam.chr1.normcov.bed
normcov/HG00732.bam.chr6.normcov.bed
normcov/NA19239.bam.chr7.normcov.bed
normcov/HG00732.bam.chr17.normcov.bed
rawcov/HG00732.bam.chr21.rawcov.bed
normcov/HG00731.bam.chr17.normcov.bed
rawcov/NA19240.bam.chr19.rawcov.bed
rawcov/NA19238.bam.chr22.rawcov.bed
normcov/NA19238.bam.chr22.normcov.bed
normcov/HG00514.bam.chr13.normcov.bed
normcov/HG00731.bam.chr8.normcov.bed
rawcov/NA19240.bam.chr10.rawcov.bed
normcov/HG00514.bam.chr2.normcov.bed
normcov/NA19239.bam.chr4.normcov.bed
rawcov/HG00512.bam.chr11.rawcov.bed
normcov/HG00512.bam.chr10.normcov.bed
rawcov/HG00512.bam.chr10.rawcov.bed
rawcov/NA19239.bam.chr1.rawcov.bed
rawcov/NA19238.bam.chr1.rawcov.bed
rawcov/HG00732.bam.chr7.rawcov.bed
normcov/HG00731.bam.chr6.normcov.bed
normcov/HG00514.bam.chr12.normcov.bed
rawcov/HG00733.bam.chr18.rawcov.bed
normcov/NA19238.bam.chr21.normcov.bed
normcov/HG00513.bam.chr4.normcov.bed
rawcov/NA19240.bam.chr11.rawcov.bed
rawcov/HG00731.bam.chr3.rawcov.bed
rawcov/HG00731.bam.chr7.rawcov.bed
rawcov/NA19238.bam.chr2.rawcov.bed
rawcov/HG00512.bam.chr2.rawcov.bed
normcov/HG00513.bam.chr20.normcov.bed
rawcov/NA19239.bam.chr3.rawcov.bed
normcov/HG00731.bam.chr21.normcov.bed
rawcov/HG00733.bam.chr13.rawcov.bed
normcov/HG00512.bam.chr16.normcov.bed
normcov/HG00513.bam.chr7.normcov.bed
rawcov/HG00731.bam.chr21.rawcov.bed
normcov/HG00512.bam.chr20.normcov.bed
rawcov/NA19239.bam.chrX.rawcov.bed
normcov/HG00514.bam.chr6.normcov.bed
rawcov/NA19239.bam.chr6.rawcov.bed
rawcov/HG00731.bam.chr12.rawcov.bed
normcov/HG00732.bam.chr8.normcov.bed
normcov/HG00733.bam.chr12.normcov.bed
rawcov/NA19238.bam.chr11.rawcov.bed
normcov/HG00513.bam.chr3.normcov.bed
normcov/NA19238.bam.chr16.normcov.bed
rawcov/HG00512.bam.chr22.rawcov.bed
rawcov/HG00514.bam.chr21.rawcov.bed
rawcov/HG00731.bam.chr22.rawcov.bed
normcov/NA19239.bam.chr2.normcov.bed
rawcov/NA19239.bam.chr16.rawcov.bed
rawcov/HG00514.bam.chr12.rawcov.bed
normcov/HG00514.bam.chr10.normcov.bed
normcov/HG00512.bam.chr22.normcov.bed
normcov/HG00512.bam.chr2.normcov.bed
normcov/HG00512.bam.chr17.normcov.bed
rawcov/HG00732.bam.chrX.rawcov.bed
rawcov/NA19238.bam.chr20.rawcov.bed
normcov/HG00731.bam.chr18.normcov.bed
normcov/NA19240.bam.chr16.normcov.bed
rawcov/HG00513.bam.chr3.rawcov.bed
rawcov/HG00514.bam.chr11.rawcov.bed
rawcov/NA19239.bam.chr18.rawcov.bed
rawcov/HG00731.bam.chr14.rawcov.bed
rawcov/HG00732.bam.chr12.rawcov.bed
rawcov/NA19238.bam.chr8.rawcov.bed
normcov/NA19240.bam.chr2.normcov.bed
rawcov/HG00514.bam.chr10.rawcov.bed
rawcov/HG00731.bam.chrX.rawcov.bed
normcov/NA19239.bam.chr11.normcov.bed
normcov/HG00731.bam.chr7.normcov.bed
normcov/HG00513.bam.chr8.normcov.bed
normcov/NA19238.bam.chr4.normcov.bed
rawcov/HG00514.bam.chr13.rawcov.bed
normcov/HG00513.bam.chr21.normcov.bed
rawcov/HG00732.bam.chr5.rawcov.bed
rawcov/HG00731.bam.chr1.rawcov.bed
rawcov/HG00733.bam.chr12.rawcov.bed
rawcov/HG00512.bam.chr3.rawcov.bed
rawcov/HG00513.bam.chr6.rawcov.bed
rawcov/HG00513.bam.chr12.rawcov.bed
normcov/HG00514.bam.chr5.normcov.bed
normcov/HG00731.bam.chr16.normcov.bed
normcov/HG00514.bam.chr19.normcov.bed
rawcov/HG00514.bam.chr14.rawcov.bed
rawcov/NA19238.bam.chr7.rawcov.bed
normcov/HG00732.bam.chr2.normcov.bed
normcov/NA19240.bam.chr5.normcov.bed
normcov/HG00731.bam.chr3.normcov.bed
rawcov/NA19240.bam.chr15.rawcov.bed
normcov/NA19240.bam.chr22.normcov.bed
rawcov/HG00733.bam.chr17.rawcov.bed
rawcov/HG00732.bam.chr11.rawcov.bed
normcov/HG00733.bam.chr3.normcov.bed
normcov/HG00733.bam.chr5.normcov.bed
rawcov/HG00733.bam.chr19.rawcov.bed
rawcov/HG00513.bam.chr15.rawcov.bed
normcov/NA19238.bam.chr18.normcov.bed
normcov/HG00732.bam.chr7.normcov.bed
normcov/HG00514.bam.chr7.normcov.bed
rawcov/NA19240.bam.chr13.rawcov.bed
rawcov/HG00513.bam.chr22.rawcov.bed
rawcov/HG00512.bam.chr9.rawcov.bed
rawcov/HG00514.bam.chr5.rawcov.bed
normcov/NA19240.bam.chr8.normcov.bed
rawcov/HG00514.bam.chr19.rawcov.bed
normcov/HG00513.bam.chr19.normcov.bed
normcov/NA19238.bam.chr2.normcov.bed
rawcov/HG00731.bam.chr8.rawcov.bed
rawcov/NA19239.bam.chr13.rawcov.bed
normcov/NA19238.bam.chrX.normcov.bed
rawcov/HG00731.bam.chr11.rawcov.bed
rawcov/NA19238.bam.chrY.rawcov.bed
normcov/HG00731.bam.chr4.normcov.bed
normcov/HG00513.bam.chr9.normcov.bed
rawcov/HG00732.bam.chr2.rawcov.bed
rawcov/NA19238.bam.chr10.rawcov.bed
rawcov/HG00732.bam.chr3.rawcov.bed
rawcov/NA19238.bam.chr15.rawcov.bed
normcov/NA19239.bam.chr21.normcov.bed
normcov/HG00732.bam.chr19.normcov.bed
rawcov/HG00733.bam.chr11.rawcov.bed
rawcov/HG00732.bam.chrY.rawcov.bed
rawcov/HG00733.bam.chr14.rawcov.bed
normcov/HG00514.bam.chr9.normcov.bed
normcov/NA19238.bam.chr9.normcov.bed
rawcov/NA19238.bam.chr4.rawcov.bed
normcov/HG00732.bam.chr18.normcov.bed
normcov/HG00733.bam.chr9.normcov.bed
normcov/HG00733.bam.chr19.normcov.bed
normcov/HG00512.bam.chr18.normcov.bed
rawcov/HG00514.bam.chrX.rawcov.bed
normcov/HG00512.bam.chr6.normcov.bed
normcov/HG00514.bam.chr8.normcov.bed
normcov/NA19239.bam.chr22.normcov.bed
normcov/NA19240.bam.chr4.normcov.bed
rawcov/HG00733.bam.chr4.rawcov.bed
normcov/HG00514.bam.chr3.normcov.bed
normcov/NA19239.bam.chr15.normcov.bed
rawcov/HG00731.bam.chr6.rawcov.bed
normcov/NA19240.bam.chr9.normcov.bed
rawcov/NA19238.bam.chr13.rawcov.bed
normcov/HG00512.bam.chr19.normcov.bed
normcov/HG00514.bam.chr22.normcov.bed
rawcov/NA19239.bam.chr10.rawcov.bed
rawcov/NA19240.bam.chr17.rawcov.bed
normcov/HG00512.bam.chrX.normcov.bed
normcov/HG00513.bam.chr5.normcov.bed
rawcov/HG00731.bam.chr4.rawcov.bed
normcov/HG00513.bam.chr2.normcov.bed
normcov/HG00514.bam.chrX.normcov.bed
normcov/HG00733.bam.chr22.normcov.bed
normcov/HG00733.bam.chr6.normcov.bed
normcov/NA19240.bam.chr17.normcov.bed
rawcov/HG00513.bam.chr5.rawcov.bed
rawcov/HG00514.bam.chr15.rawcov.bed
normcov/HG00731.bam.chr2.normcov.bed
normcov/HG00733.bam.chr14.normcov.bed
rawcov/NA19240.bam.chr21.rawcov.bed
rawcov/HG00733.bam.chr16.rawcov.bed
rawcov/HG00513.bam.chrY.rawcov.bed
normcov/HG00514.bam.chr11.normcov.bed
rawcov/HG00514.bam.chr18.rawcov.bed
normcov/HG00732.bam.chr1.normcov.bed
normcov/HG00731.bam.chrY.normcov.bed
normcov/HG00513.bam.chr12.normcov.bed
normcov/NA19238.bam.chr6.normcov.bed
normcov/HG00512.bam.chr7.normcov.bed
rawcov/HG00732.bam.chr10.rawcov.bed
normcov/NA19240.bam.chrY.normcov.bed
normcov/HG00732.bam.chr3.normcov.bed
normcov/HG00514.bam.chr21.normcov.bed
rawcov/NA19239.bam.chr17.rawcov.bed
normcov/HG00731.bam.chr11.normcov.bed
